2021-09-15 16:26:41 [@DESKTOP-70T6L5B]
Interno #1: Executar createinquest
2021-09-15 16:28:33 [@DESKTOP-70T6L5B]
Interno #1: Executar watcher
2021-09-15 16:34:10 [2@DESKTOP-70T6L5B]
Interno #1: Executar ticketrecurrent
2021-09-15 16:34:15 [@DESKTOP-70T6L5B]
Interno #1: Executar planningrecall
2021-09-15 16:37:57 [@DESKTOP-70T6L5B]
Interno #1: Executar queuednotification
2021-09-15 16:39:10 [@DESKTOP-70T6L5B]
Interno #1: Executar queuednotificationclean
2021-09-15 16:39:11 [@DESKTOP-70T6L5B]
Interno #1: Executar temp
2021-09-15 16:39:25 [@DESKTOP-70T6L5B]
Interno #1: Executar mailgateerror
2021-09-15 16:42:12 [@DESKTOP-70T6L5B]
Interno #1: Executar contract
2021-09-15 16:42:14 [@DESKTOP-70T6L5B]
Interno #1: Executar infocom
2021-09-15 16:42:15 [@DESKTOP-70T6L5B]
Interno #1: Executar mailgate
2021-09-15 16:42:15 [@DESKTOP-70T6L5B]
Interno #1: Executar session
2021-09-15 16:45:20 [@DESKTOP-70T6L5B]
Interno #1: Executar graph
2021-09-15 16:46:16 [@DESKTOP-70T6L5B]
Interno #1: Executar reservation
2021-09-15 16:46:17 [@DESKTOP-70T6L5B]
Interno #1: Executar closeticket
2021-09-15 16:46:20 [@DESKTOP-70T6L5B]
Interno #1: Executar alertnotclosed
2021-09-15 16:46:21 [@DESKTOP-70T6L5B]
Interno #1: Executar slaticket
2021-09-15 16:48:13 [@DESKTOP-70T6L5B]
Interno #1: Executar olaticket
2021-09-15 16:53:28 [6@DESKTOP-70T6L5B]
Interno #1: Executar queuednotification
2021-09-15 16:56:31 [@DESKTOP-70T6L5B]
Interno #1: Executar planningrecall
2021-09-15 17:03:45 [@DESKTOP-70T6L5B]
Interno #1: Executar slaticket
2021-09-15 17:04:25 [@DESKTOP-70T6L5B]
Interno #1: Executar mailgate
2021-09-15 17:05:08 [@DESKTOP-70T6L5B]
Interno #1: Executar olaticket
2021-09-15 17:12:49 [@DESKTOP-70T6L5B]
Interno #1: Executar queuednotification
2021-09-15 17:12:50 [@DESKTOP-70T6L5B]
Interno #1: Executar planningrecall
2021-09-15 17:12:59 [@DESKTOP-70T6L5B]
Interno #1: Executar slaticket
2021-09-16 11:28:32 [6@DESKTOP-70T6L5B]
Interno #1: Executar olaticket
2021-09-16 11:33:50 [6@DESKTOP-70T6L5B]
Interno #1: Executar queuednotification
2021-09-16 11:34:46 [@DESKTOP-70T6L5B]
Interno #1: Executar mailgate
2021-09-16 11:37:03 [@DESKTOP-70T6L5B]
Interno #1: Executar slaticket
2021-09-16 11:43:34 [@DESKTOP-70T6L5B]
Interno #1: Executar planningrecall
2021-09-16 12:02:00 [@DESKTOP-70T6L5B]
Interno #1: Executar ticketrecurrent
